09 Jan 2023 15:59:17,734 INFO : Starting to run task 'org.labkey.pipeline.importer.FolderImportTask' at location 'webserver'
09 Jan 2023 15:59:17,738 DEBUG: [/WNPRC_VirologyTestProject/RSEHRPrivate] Importing folder properties from: /Users/chad/labkey/server/modules/wnprc-modules/WNPRC_Virology/resources/referenceStudy
09 Jan 2023 15:59:17,743 INFO : Loading etl definitions
09 Jan 2023 15:59:17,744 INFO : Starting to copy files
09 Jan 2023 15:59:17,744 INFO : Copied 0 files
09 Jan 2023 15:59:17,744 INFO : Ensuring exp.data rows exist for imported files
09 Jan 2023 15:59:17,998 INFO : Loading study
09 Jan 2023 15:59:18,002 INFO : Loading study from study.xml
09 Jan 2023 15:59:18,002 INFO : Creating study
09 Jan 2023 15:59:20,135 INFO : Loading top-level study properties (label, start/end date, description, etc.)
09 Jan 2023 15:59:20,194 INFO : Done importing top-level study properties (label, start/end date, description, etc.)
09 Jan 2023 15:59:20,227 INFO : Loading datasets manifest from datasets_manifest.xml
09 Jan 2023 15:59:20,229 INFO : Loading dataset schema from datasets_metadata.xml
09 Jan 2023 15:59:20,453 INFO : Start batch wnprc_virology.dataset
09 Jan 2023 15:59:20,491 INFO : Viral Loads - EHR: Starting import from dataset5080.tsv
09 Jan 2023 15:59:20,543 INFO : Viral Loads - EHR: Processed 5 rows from dataset5080.tsv
09 Jan 2023 15:59:20,544 INFO : Viral Loads - EHR: Merged 5 rows
09 Jan 2023 15:59:20,544 INFO : Finish batch wnprc_virology.dataset
09 Jan 2023 15:59:20,545 INFO : Updating study-wide subject/visit information...
09 Jan 2023 15:59:20,545 INFO : Updating participants
09 Jan 2023 15:59:20,551 INFO : Updating participant visit table
09 Jan 2023 15:59:20,586 INFO : Updating visit table
09 Jan 2023 15:59:20,597 INFO : Updating cohorts
09 Jan 2023 15:59:20,597 INFO : Clearing participant visit caches
09 Jan 2023 15:59:20,605 INFO : Subject/visit update complete.
09 Jan 2023 15:59:20,636 INFO : Loading dataset cohort assignments
09 Jan 2023 15:59:20,636 INFO : Done importing dataset cohort assignments
09 Jan 2023 15:59:20,648 INFO : Done importing study
09 Jan 2023 15:59:20,654 INFO : Starting Sample Type and Data Class import
09 Jan 2023 15:59:20,654 INFO : No types XAR file to process.
09 Jan 2023 15:59:20,654 INFO : Finished importing Sample Types and Data Classes
09 Jan 2023 15:59:20,654 INFO : xar directory not found in folder /WNPRC_VirologyTestProject/RSEHRPrivate
09 Jan 2023 15:59:20,675 INFO : Starting Sample Status Data import
09 Jan 2023 15:59:20,675 INFO : No sample types XAR file to process.
09 Jan 2023 15:59:20,676 INFO : Finished importing Sample Status Data
09 Jan 2023 15:59:20,732 INFO : Post-processing queries
09 Jan 2023 15:59:20,732 INFO : Skipping query validation.
09 Jan 2023 15:59:20,732 INFO : Done post-processing queries
09 Jan 2023 15:59:20,794 INFO : Successfully completed task 'org.labkey.pipeline.importer.FolderImportTask'
